<?xml version="1.0" encoding="UTF-8"?>
<!-- Generated by org.testng.reporters.JUnitXMLReporter -->
<testsuite ignored="0" hostname="Lenovo" failures="0" tests="8" name="Test" time="95.888" errors="0" timestamp="2025-01-19T14:48:24 IST">
  <testcase classname="DemoBlazeMiniProject.DemoBlazeProject.LogOutTest" name="validateLogoutFlow" time="11.445"/>
  <testcase classname="DemoBlazeMiniProject.DemoBlazeProject.ProductTest" name="verifyProductCategoriesAndDetails" time="7.87"/>
  <testcase classname="DemoBlazeMiniProject.DemoBlazeProject.ProductTest" name="addToCartTest" time="15.774"/>
  <testcase classname="DemoBlazeMiniProject.DemoBlazeProject.LoginTest" name="testLogin" time="7.222"/>
  <testcase classname="DemoBlazeMiniProject.DemoBlazeProject.PurchaseTest" name="verifyProductCategoriesAndDetails" time="8.066"/>
  <testcase classname="DemoBlazeMiniProject.DemoBlazeProject.PurchaseTest" name="addToCartTest" time="9.389"/>
  <testcase classname="DemoBlazeMiniProject.DemoBlazeProject.PurchaseTest" name="completeOrderTest" time="9.996"/>
  <testcase classname="DemoBlazeMiniProject.DemoBlazeProject.SignUpTest" name="validateSignUp" time="5.684"/>
</testsuite> <!-- Test -->
