<?xml version="1.0" encoding="UTF-8"?>
<testng-results ignored="0" total="8" passed="8" failed="0" skipped="0">
  <reporter-output>
  </reporter-output>
  <suite started-at="2025-01-19T14:46:48 IST" name="Suite" finished-at="2025-01-19T14:48:24 IST" duration-ms="95888">
    <groups>
    </groups>
    <test started-at="2025-01-19T14:46:48 IST" name="Test" finished-at="2025-01-19T14:48:24 IST" duration-ms="95888">
      <class name="DemoBlazeMiniProject.DemoBlazeProject.LogOutTest">
        <test-method is-config="true" signature="setUp()[pri:0, instance:DemoBlazeMiniProject.DemoBlazeProject.LogOutTest@10683d9d]" started-at="2025-01-19T14:46:48 IST" name="setUp" finished-at="2025-01-19T14:46:52 IST" duration-ms="4267" status="PASS">
          <reporter-output>
          </reporter-output>
        </test-method> <!-- setUp -->
        <test-method signature="validateLogoutFlow()[pri:0, instance:DemoBlazeMiniProject.DemoBlazeProject.LogOutTest@10683d9d]" started-at="2025-01-19T14:46:52 IST" name="validateLogoutFlow" finished-at="2025-01-19T14:47:04 IST" duration-ms="11445" status="PASS">
          <reporter-output>
          </reporter-output>
        </test-method> <!-- validateLogoutFlow -->
        <test-method is-config="true" signature="tearDown()[pri:0, instance:DemoBlazeMiniProject.DemoBlazeProject.LogOutTest@10683d9d]" started-at="2025-01-19T14:47:04 IST" name="tearDown" finished-at="2025-01-19T14:47:05 IST" duration-ms="965" status="PASS">
          <reporter-output>
          </reporter-output>
        </test-method> <!-- tearDown -->
      </class> <!-- DemoBlazeMiniProject.DemoBlazeProject.LogOutTest -->
      <class name="DemoBlazeMiniProject.DemoBlazeProject.ProductTest">
        <test-method is-config="true" signature="setUp()[pri:0, instance:DemoBlazeMiniProject.DemoBlazeProject.ProductTest@3eb25e1a]" started-at="2025-01-19T14:47:05 IST" name="setUp" finished-at="2025-01-19T14:47:08 IST" duration-ms="2837" status="PASS">
          <reporter-output>
          </reporter-output>
        </test-method> <!-- setUp -->
        <test-method signature="verifyProductCategoriesAndDetails()[pri:0, instance:DemoBlazeMiniProject.DemoBlazeProject.ProductTest@3eb25e1a]" started-at="2025-01-19T14:47:08 IST" name="verifyProductCategoriesAndDetails" finished-at="2025-01-19T14:47:15 IST" duration-ms="7870" status="PASS">
          <reporter-output>
          </reporter-output>
        </test-method> <!-- verifyProductCategoriesAndDetails -->
        <test-method signature="addToCartTest()[pri:0, instance:DemoBlazeMiniProject.DemoBlazeProject.ProductTest@3eb25e1a]" started-at="2025-01-19T14:47:15 IST" name="addToCartTest" finished-at="2025-01-19T14:47:31 IST" depends-on-methods="DemoBlazeMiniProject.DemoBlazeProject.ProductTest.verifyProductCategoriesAndDetails" duration-ms="15774" status="PASS">
          <reporter-output>
          </reporter-output>
        </test-method> <!-- addToCartTest -->
        <test-method is-config="true" signature="tearDown()[pri:0, instance:DemoBlazeMiniProject.DemoBlazeProject.ProductTest@3eb25e1a]" started-at="2025-01-19T14:47:31 IST" name="tearDown" finished-at="2025-01-19T14:47:32 IST" duration-ms="856" status="PASS">
          <reporter-output>
          </reporter-output>
        </test-method> <!-- tearDown -->
      </class> <!-- DemoBlazeMiniProject.DemoBlazeProject.ProductTest -->
      <class name="DemoBlazeMiniProject.DemoBlazeProject.PurchaseTest">
        <test-method is-config="true" signature="setUp()[pri:0, instance:DemoBlazeMiniProject.DemoBlazeProject.PurchaseTest@77c2494c]" started-at="2025-01-19T14:47:43 IST" name="setUp" finished-at="2025-01-19T14:47:46 IST" duration-ms="2724" status="PASS">
          <reporter-output>
          </reporter-output>
        </test-method> <!-- setUp -->
        <test-method signature="verifyProductCategoriesAndDetails()[pri:0, instance:DemoBlazeMiniProject.DemoBlazeProject.PurchaseTest@77c2494c]" started-at="2025-01-19T14:47:46 IST" name="verifyProductCategoriesAndDetails" finished-at="2025-01-19T14:47:54 IST" duration-ms="8066" status="PASS">
          <reporter-output>
          </reporter-output>
        </test-method> <!-- verifyProductCategoriesAndDetails -->
        <test-method signature="addToCartTest()[pri:0, instance:DemoBlazeMiniProject.DemoBlazeProject.PurchaseTest@77c2494c]" started-at="2025-01-19T14:47:54 IST" name="addToCartTest" finished-at="2025-01-19T14:48:04 IST" depends-on-methods="DemoBlazeMiniProject.DemoBlazeProject.PurchaseTest.verifyProductCategoriesAndDetails" duration-ms="9389" status="PASS">
          <reporter-output>
          </reporter-output>
        </test-method> <!-- addToCartTest -->
        <test-method signature="completeOrderTest()[pri:0, instance:DemoBlazeMiniProject.DemoBlazeProject.PurchaseTest@77c2494c]" started-at="2025-01-19T14:48:04 IST" name="completeOrderTest" finished-at="2025-01-19T14:48:14 IST" depends-on-methods="DemoBlazeMiniProject.DemoBlazeProject.PurchaseTest.addToCartTest" duration-ms="9996" status="PASS">
          <reporter-output>
          </reporter-output>
        </test-method> <!-- completeOrderTest -->
        <test-method is-config="true" signature="tearDown()[pri:0, instance:DemoBlazeMiniProject.DemoBlazeProject.PurchaseTest@77c2494c]" started-at="2025-01-19T14:48:14 IST" name="tearDown" finished-at="2025-01-19T14:48:14 IST" duration-ms="638" status="PASS">
          <reporter-output>
          </reporter-output>
        </test-method> <!-- tearDown -->
      </class> <!-- DemoBlazeMiniProject.DemoBlazeProject.PurchaseTest -->
      <class name="DemoBlazeMiniProject.DemoBlazeProject.LoginTest">
        <test-method is-config="true" signature="setUp()[pri:0, instance:DemoBlazeMiniProject.DemoBlazeProject.LoginTest@477b4cdf]" started-at="2025-01-19T14:47:32 IST" name="setUp" finished-at="2025-01-19T14:47:35 IST" duration-ms="3045" status="PASS">
          <reporter-output>
          </reporter-output>
        </test-method> <!-- setUp -->
        <test-method signature="testLogin(java.lang.String,java.lang.String)[pri:0, instance:DemoBlazeMiniProject.DemoBlazeProject.LoginTest@477b4cdf]" started-at="2025-01-19T14:47:35 IST" name="testLogin" data-provider="LoginData" finished-at="2025-01-19T14:47:42 IST" duration-ms="7222" status="PASS">
          <params>
            <param index="0">
              <value>
                <![CDATA[Anish@Fath]]>
              </value>
            </param>
            <param index="1">
              <value>
                <![CDATA[98765]]>
              </value>
            </param>
          </params>
          <reporter-output>
          </reporter-output>
        </test-method> <!-- testLogin -->
        <test-method is-config="true" signature="tearDown()[pri:0, instance:DemoBlazeMiniProject.DemoBlazeProject.LoginTest@477b4cdf]" started-at="2025-01-19T14:47:42 IST" name="tearDown" finished-at="2025-01-19T14:47:43 IST" duration-ms="1125" status="PASS">
          <reporter-output>
          </reporter-output>
        </test-method> <!-- tearDown -->
      </class> <!-- DemoBlazeMiniProject.DemoBlazeProject.LoginTest -->
      <class name="DemoBlazeMiniProject.DemoBlazeProject.SignUpTest">
        <test-method is-config="true" signature="setUp()[pri:0, instance:DemoBlazeMiniProject.DemoBlazeProject.SignUpTest@f5958c9]" started-at="2025-01-19T14:48:14 IST" name="setUp" finished-at="2025-01-19T14:48:17 IST" duration-ms="2986" status="PASS">
          <reporter-output>
          </reporter-output>
        </test-method> <!-- setUp -->
        <test-method signature="validateSignUp()[pri:0, instance:DemoBlazeMiniProject.DemoBlazeProject.SignUpTest@f5958c9]" started-at="2025-01-19T14:48:17 IST" name="validateSignUp" finished-at="2025-01-19T14:48:23 IST" duration-ms="5684" status="PASS">
          <reporter-output>
          </reporter-output>
        </test-method> <!-- validateSignUp -->
        <test-method is-config="true" signature="tearDown()[pri:0, instance:DemoBlazeMiniProject.DemoBlazeProject.SignUpTest@f5958c9]" started-at="2025-01-19T14:48:23 IST" name="tearDown" finished-at="2025-01-19T14:48:24 IST" duration-ms="881" status="PASS">
          <reporter-output>
          </reporter-output>
        </test-method> <!-- tearDown -->
      </class> <!-- DemoBlazeMiniProject.DemoBlazeProject.SignUpTest -->
    </test> <!-- Test -->
  </suite> <!-- Suite -->
</testng-results>
