<?xml version="1.0" encoding="UTF-8"?>
<!-- Generated by org.testng.reporters.JUnitReportReporter -->
<testsuite hostname="Lenovo" failures="0" tests="3" name="DemoBlazeMiniProject.DemoBlazeProject.PurchaseTest" time="27.451" errors="0" timestamp="2025-01-19T14:48:24 IST" skipped="0">
  <testcase classname="DemoBlazeMiniProject.DemoBlazeProject.PurchaseTest" name="completeOrderTest" time="9.996"/>
  <system-out/>
  <testcase classname="DemoBlazeMiniProject.DemoBlazeProject.PurchaseTest" name="verifyProductCategoriesAndDetails" time="8.066"/>
  <system-out/>
  <testcase classname="DemoBlazeMiniProject.DemoBlazeProject.PurchaseTest" name="addToCartTest" time="9.389"/>
  <system-out/>
</testsuite> <!-- DemoBlazeMiniProject.DemoBlazeProject.PurchaseTest -->
