<?xml version="1.0" encoding="UTF-8"?>
<!-- Generated by org.testng.reporters.JUnitReportReporter -->
<testsuite hostname="Lenovo" failures="0" tests="2" name="DemoBlazeMiniProject.DemoBlazeProject.ProductTest" time="23.644" errors="0" timestamp="2025-01-19T14:48:24 IST" skipped="0">
  <testcase classname="DemoBlazeMiniProject.DemoBlazeProject.ProductTest" name="addToCartTest" time="15.774"/>
  <system-out/>
  <testcase classname="DemoBlazeMiniProject.DemoBlazeProject.ProductTest" name="verifyProductCategoriesAndDetails" time="7.870"/>
  <system-out/>
</testsuite> <!-- DemoBlazeMiniProject.DemoBlazeProject.ProductTest -->
